<?xml version="1.0" encoding="UTF-8"?>
<testng-results ignored="0" total="1" passed="1" failed="0" skipped="0">
  <reporter-output>
  </reporter-output>
  <suite started-at="2022-11-22T21:46:27 IST" name="Default suite" finished-at="2022-11-22T21:46:30 IST" duration-ms="2747">
    <groups>
    </groups>
    <test started-at="2022-11-22T21:46:27 IST" name="Default test" finished-at="2022-11-22T21:46:30 IST" duration-ms="2747">
      <class name="API_test.Delete_APi">
        <test-method signature="userdefine()[pri:0, instance:API_test.Delete_APi@4b5a5ed1]" started-at="2022-11-22T21:46:27 IST" name="userdefine" finished-at="2022-11-22T21:46:30 IST" duration-ms="2706" status="PASS">
          <reporter-output>
          </reporter-output>
        </test-method> <!-- userdefine -->
      </class> <!-- API_test.Delete_APi -->
    </test> <!-- Default test -->
  </suite> <!-- Default suite -->
</testng-results>
